2023-03-27T09:36:26.525Z[logger]info:A GET request made on '/users/logout' from IP undefined
2023-03-27T09:36:40.123Z[logger]info:A POST request made on '/users/login' from IP undefined
2023-03-27T09:37:15.377Z[logger]info:A GET request made on '/users/logout' from IP undefined
2023-03-27T09:38:03.833Z[logger]info:A GET request made on '/users/logout' from IP undefined
2023-03-27T10:17:18.452Z[logger]info:A GET request made on '/' from IP undefined
2023-03-27T10:17:19.026Z[logger]info:A GET request made on '/favicon.ico' from IP undefined
2023-03-27T10:17:23.248Z[logger]info:A GET request made on '/city' from IP undefined
2023-03-27T10:18:06.501Z[logger]info:A GET request made on '/city' from IP undefined
2023-03-27T10:19:53.078Z[logger]info:A GET request made on '/city' from IP undefined
2023-03-27T10:22:22.343Z[logger]info:A GET request made on '/city/q=faridabd' from IP undefined
2023-03-27T10:35:27.756Z[logger]info:A GET request made on '/city/q=faridabd' from IP undefined
2023-03-27T10:38:28.171Z[logger]info:A GET request made on '/city/data=faridabd' from IP undefined
2023-03-27T10:50:43.617Z[logger]info:A GET request made on '/' from IP undefined
2023-03-27T10:50:55.490Z[logger]info:A GET request made on '/?city=paris' from IP undefined
2023-03-27T10:51:36.694Z[logger]info:A GET request made on '/?city=paris' from IP undefined
2023-03-27T10:52:10.647Z[logger]info:A GET request made on '/?city=faridabad' from IP undefined
2023-03-27T10:52:41.210Z[logger]info:A GET request made on '/?city=faridabad' from IP undefined
2023-03-27T10:52:42.784Z[logger]info:A GET request made on '/?city=faridabad' from IP undefined
2023-03-27T10:52:44.245Z[logger]info:A GET request made on '/?city=faridabad' from IP undefined
2023-03-27T10:54:50.709Z[logger]info:A GET request made on '/?city=paris' from IP undefined
2023-03-27T10:57:22.757Z[logger]info:A GET request made on '/?city=paris' from IP undefined
2023-03-27T10:57:31.215Z[logger]info:A GET request made on '/?city=paris' from IP undefined
2023-03-27T10:58:00.742Z[logger]info:A GET request made on '//?city=paris' from IP undefined
2023-03-27T10:58:14.418Z[logger]info:A GET request made on '/?/city=paris' from IP undefined
2023-03-27T10:58:31.317Z[logger]info:A GET request made on '/?city=paris' from IP undefined
2023-03-27T10:58:35.919Z[logger]info:A GET request made on '//?city=paris' from IP undefined
2023-03-27T11:00:31.140Z[logger]info:A GET request made on '/?city=faridabd' from IP undefined
2023-03-27T11:00:32.869Z[logger]info:A GET request made on '/?city=faridabd' from IP undefined
2023-03-27T11:00:55.290Z[logger]info:A GET request made on '/users/logout' from IP undefined
2023-03-27T11:02:38.532Z[logger]info:A GET request made on '//?city=paris' from IP undefined
2023-03-27T11:02:44.684Z[logger]info:A GET request made on '/?city=paris' from IP undefined
2023-03-27T11:15:05.096Z[logger]info:A POST request made on '/users/login' from IP undefined
2023-03-27T11:15:42.817Z[logger]info:A POST request made on '/users/login' from IP undefined
